{"timestamp": "2025-12-05T01:19:42.919413", "level": "INFO", "message": "API POST /api/v1/auth/token", "type": "api", "method": "POST", "path": "/api/v1/auth/token", "status": 200, "duration": 526.3793468475342, "userAgent": "node", "source": "backend"}
{"timestamp": "2025-12-05T01:19:43.328504", "level": "INFO", "message": "API GET /api/v1/projects/", "type": "api", "method": "GET", "path": "/api/v1/projects/", "status": 200, "duration": 36.65924072265625, "userAgent": "node", "source": "backend"}
{"timestamp": "2025-12-05T01:19:43.371301", "level": "INFO", "message": "API GET /api/v1/projects/", "type": "api", "method": "GET", "path": "/api/v1/projects/", "status": 200, "duration": 9.454488754272461, "userAgent": "node", "source": "backend"}
{"timestamp": "2025-12-05T01:19:59.049856", "level": "INFO", "message": "API GET /api/v1/projects/", "type": "api", "method": "GET", "path": "/api/v1/projects/", "status": 200, "duration": 59.97967720031738, "userAgent": "node", "source": "backend"}
{"timestamp": "2025-12-05T01:20:00.579301", "level": "INFO", "message": "API GET /api/v1/projects/1/", "type": "api", "method": "GET", "path": "/api/v1/projects/1/", "status": 307, "duration": 0.6756782531738281, "userAgent": "node", "source": "backend"}
{"timestamp": "2025-12-05T01:20:00.588327", "level": "INFO", "message": "API GET /api/v1/project-files/project/1/", "type": "api", "method": "GET", "path": "/api/v1/project-files/project/1/", "status": 307, "duration": 1.0721683502197266, "userAgent": "node", "source": "backend"}
{"timestamp": "2025-12-05T01:20:00.612934", "level": "INFO", "message": "API GET /api/v1/projects/1", "type": "api", "method": "GET", "path": "/api/v1/projects/1", "status": 200, "duration": 25.299787521362305, "userAgent": "node", "source": "backend"}
{"timestamp": "2025-12-05T01:20:00.644499", "level": "INFO", "message": "API GET /api/v1/project-files/project/1", "type": "api", "method": "GET", "path": "/api/v1/project-files/project/1", "status": 200, "duration": 54.41451072692871, "userAgent": "node", "source": "backend"}
{"timestamp": "2025-12-05T01:20:00.754040", "level": "INFO", "message": "API GET /api/v1/projects/1/", "type": "api", "method": "GET", "path": "/api/v1/projects/1/", "status": 307, "duration": 1.3208389282226562, "userAgent": "node", "source": "backend"}
{"timestamp": "2025-12-05T01:20:00.797586", "level": "INFO", "message": "API GET /api/v1/projects/1", "type": "api", "method": "GET", "path": "/api/v1/projects/1", "status": 200, "duration": 21.052122116088867, "userAgent": "node", "source": "backend"}
{"timestamp": "2025-12-05T01:20:00.868470", "level": "INFO", "message": "API GET /api/v1/project-files/project/1/", "type": "api", "method": "GET", "path": "/api/v1/project-files/project/1/", "status": 307, "duration": 0.38886070251464844, "userAgent": "node", "source": "backend"}
{"timestamp": "2025-12-05T01:20:00.883141", "level": "INFO", "message": "API GET /api/v1/highlights/file/1", "type": "api", "method": "GET", "path": "/api/v1/highlights/file/1", "status": 200, "duration": 13.073205947875977, "userAgent": "node", "source": "backend"}
{"timestamp": "2025-12-05T01:20:00.891677", "level": "INFO", "message": "API GET /api/v1/project-files/project/1", "type": "api", "method": "GET", "path": "/api/v1/project-files/project/1", "status": 200, "duration": 15.480518341064453, "userAgent": "node", "source": "backend"}
{"timestamp": "2025-12-05T01:20:00.999676", "level": "INFO", "message": "API GET /api/v1/highlights/file/1", "type": "api", "method": "GET", "path": "/api/v1/highlights/file/1", "status": 200, "duration": 15.371561050415039, "userAgent": "node", "source": "backend"}
{"timestamp": "2025-12-05T01:20:12.313403", "level": "INFO", "message": "API POST /api/v1/highlights", "type": "api", "method": "POST", "path": "/api/v1/highlights", "status": 307, "duration": 2.8662681579589844, "userAgent": "node", "source": "backend"}
{"timestamp": "2025-12-05T01:20:12.539143", "level": "INFO", "message": "API POST /api/v1/highlights/", "type": "api", "method": "POST", "path": "/api/v1/highlights/", "status": 201, "duration": 217.20647811889648, "userAgent": "node", "source": "backend"}
{"timestamp": "2025-12-05T01:20:21.095486", "level": "INFO", "message": "API GET /api/v1/projects/1/", "type": "api", "method": "GET", "path": "/api/v1/projects/1/", "status": 307, "duration": 12.719869613647461, "userAgent": "node", "source": "backend"}
{"timestamp": "2025-12-05T01:20:21.106120", "level": "INFO", "message": "API GET /api/v1/project-files/project/1/", "type": "api", "method": "GET", "path": "/api/v1/project-files/project/1/", "status": 307, "duration": 12.097358703613281, "userAgent": "node", "source": "backend"}
{"timestamp": "2025-12-05T01:20:21.240287", "level": "INFO", "message": "API GET /api/v1/projects/1", "type": "api", "method": "GET", "path": "/api/v1/projects/1", "status": 200, "duration": 92.85521507263184, "userAgent": "node", "source": "backend"}
{"timestamp": "2025-12-05T01:20:21.256800", "level": "INFO", "message": "API GET /api/v1/project-files/project/1", "type": "api", "method": "GET", "path": "/api/v1/project-files/project/1", "status": 200, "duration": 118.94869804382324, "userAgent": "node", "source": "backend"}
{"timestamp": "2025-12-05T01:20:21.523305", "level": "INFO", "message": "API GET /api/v1/highlights/file/1", "type": "api", "method": "GET", "path": "/api/v1/highlights/file/1", "status": 200, "duration": 14.544248580932617, "userAgent": "node", "source": "backend"}
{"timestamp": "2025-12-05T01:20:25.552530", "level": "INFO", "message": "API GET /api/v1/projects/", "type": "api", "method": "GET", "path": "/api/v1/projects/", "status": 200, "duration": 84.98191833496094, "userAgent": "node", "source": "backend"}
{"timestamp": "2025-12-05T01:20:25.648276", "level": "INFO", "message": "API GET /api/v1/projects/", "type": "api", "method": "GET", "path": "/api/v1/projects/", "status": 200, "duration": 5.461454391479492, "userAgent": "node", "source": "backend"}
{"timestamp": "2025-12-05T01:20:56.302695", "level": "INFO", "message": "API GET /api/v1/projects/", "type": "api", "method": "GET", "path": "/api/v1/projects/", "status": 200, "duration": 92.56100654602051, "userAgent": "node", "source": "backend"}
{"timestamp": "2025-12-05T01:20:58.314183", "level": "INFO", "message": "API GET /api/v1/projects/", "type": "api", "method": "GET", "path": "/api/v1/projects/", "status": 200, "duration": 30.393600463867188, "userAgent": "node", "source": "backend"}
{"timestamp": "2025-12-05T01:20:58.378308", "level": "INFO", "message": "API GET /api/v1/projects/", "type": "api", "method": "GET", "path": "/api/v1/projects/", "status": 200, "duration": 5.4492950439453125, "userAgent": "node", "source": "backend"}
{"timestamp": "2025-12-05T01:21:03.627741", "level": "INFO", "message": "API POST /api/v1/auth/token", "type": "api", "method": "POST", "path": "/api/v1/auth/token", "status": 200, "duration": 406.2051773071289, "userAgent": "node", "source": "backend"}
{"timestamp": "2025-12-05T01:21:03.915076", "level": "INFO", "message": "API GET /api/v1/projects/", "type": "api", "method": "GET", "path": "/api/v1/projects/", "status": 200, "duration": 6.23631477355957, "userAgent": "node", "source": "backend"}
{"timestamp": "2025-12-05T01:21:03.962230", "level": "INFO", "message": "API GET /api/v1/projects/", "type": "api", "method": "GET", "path": "/api/v1/projects/", "status": 200, "duration": 6.988048553466797, "userAgent": "node", "source": "backend"}
{"timestamp": "2025-12-05T01:21:05.625050", "level": "INFO", "message": "API GET /api/v1/projects/1/", "type": "api", "method": "GET", "path": "/api/v1/projects/1/", "status": 307, "duration": 3.193378448486328, "userAgent": "node", "source": "backend"}
{"timestamp": "2025-12-05T01:21:05.640164", "level": "INFO", "message": "API GET /api/v1/project-files/project/1/", "type": "api", "method": "GET", "path": "/api/v1/project-files/project/1/", "status": 307, "duration": 2.4366378784179688, "userAgent": "node", "source": "backend"}
{"timestamp": "2025-12-05T01:21:05.687833", "level": "INFO", "message": "API GET /api/v1/projects/1", "type": "api", "method": "GET", "path": "/api/v1/projects/1", "status": 200, "duration": 47.72663116455078, "userAgent": "node", "source": "backend"}
{"timestamp": "2025-12-05T01:21:05.693569", "level": "INFO", "message": "API GET /api/v1/project-files/project/1", "type": "api", "method": "GET", "path": "/api/v1/project-files/project/1", "status": 200, "duration": 33.14208984375, "userAgent": "node", "source": "backend"}
{"timestamp": "2025-12-05T01:21:05.837502", "level": "INFO", "message": "API GET /api/v1/projects/1/", "type": "api", "method": "GET", "path": "/api/v1/projects/1/", "status": 307, "duration": 0.5652904510498047, "userAgent": "node", "source": "backend"}
{"timestamp": "2025-12-05T01:21:05.838810", "level": "INFO", "message": "API GET /api/v1/project-files/project/1/", "type": "api", "method": "GET", "path": "/api/v1/project-files/project/1/", "status": 307, "duration": 0.2703666687011719, "userAgent": "node", "source": "backend"}
{"timestamp": "2025-12-05T01:21:05.868579", "level": "INFO", "message": "API GET /api/v1/projects/1", "type": "api", "method": "GET", "path": "/api/v1/projects/1", "status": 200, "duration": 20.4312801361084, "userAgent": "node", "source": "backend"}
{"timestamp": "2025-12-05T01:21:05.881313", "level": "INFO", "message": "API GET /api/v1/highlights/file/1", "type": "api", "method": "GET", "path": "/api/v1/highlights/file/1", "status": 200, "duration": 29.053688049316406, "userAgent": "node", "source": "backend"}
{"timestamp": "2025-12-05T01:21:05.890285", "level": "INFO", "message": "API GET /api/v1/project-files/project/1", "type": "api", "method": "GET", "path": "/api/v1/project-files/project/1", "status": 200, "duration": 31.19802474975586, "userAgent": "node", "source": "backend"}
{"timestamp": "2025-12-05T01:21:06.080434", "level": "INFO", "message": "API GET /api/v1/highlights/file/1", "type": "api", "method": "GET", "path": "/api/v1/highlights/file/1", "status": 200, "duration": 13.718366622924805, "userAgent": "node", "source": "backend"}
{"timestamp": "2025-12-05T01:21:15.784564", "level": "INFO", "message": "API DELETE /api/v1/highlights/1", "type": "api", "method": "DELETE", "path": "/api/v1/highlights/1", "status": 204, "duration": 84.35201644897461, "userAgent": "node", "source": "backend"}
{"timestamp": "2025-12-05T01:21:19.785743", "level": "INFO", "message": "API POST /api/v1/highlights", "type": "api", "method": "POST", "path": "/api/v1/highlights", "status": 307, "duration": 0.9357929229736328, "userAgent": "node", "source": "backend"}
{"timestamp": "2025-12-05T01:21:19.833299", "level": "INFO", "message": "API POST /api/v1/highlights/", "type": "api", "method": "POST", "path": "/api/v1/highlights/", "status": 201, "duration": 35.87222099304199, "userAgent": "node", "source": "backend"}
{"timestamp": "2025-12-05T01:21:21.814450", "level": "INFO", "message": "API GET /api/v1/projects/", "type": "api", "method": "GET", "path": "/api/v1/projects/", "status": 200, "duration": 19.90985870361328, "userAgent": "node", "source": "backend"}
{"timestamp": "2025-12-05T01:21:21.858078", "level": "INFO", "message": "API GET /api/v1/projects/", "type": "api", "method": "GET", "path": "/api/v1/projects/", "status": 200, "duration": 6.467342376708984, "userAgent": "node", "source": "backend"}
{"timestamp": "2025-12-05T01:21:39.126104", "level": "INFO", "message": "API GET /api/v1/projects/", "type": "api", "method": "GET", "path": "/api/v1/projects/", "status": 200, "duration": 46.387672424316406, "userAgent": "node", "source": "backend"}
{"timestamp": "2025-12-05T01:27:39.376575", "level": "INFO", "message": "API POST /api/v1/auth/token", "type": "api", "method": "POST", "path": "/api/v1/auth/token", "status": 200, "duration": 575.2787590026855, "userAgent": "node", "source": "backend"}
{"timestamp": "2025-12-05T01:27:39.929735", "level": "INFO", "message": "API GET /api/v1/projects/", "type": "api", "method": "GET", "path": "/api/v1/projects/", "status": 200, "duration": 48.6752986907959, "userAgent": "node", "source": "backend"}
{"timestamp": "2025-12-05T01:27:40.092887", "level": "INFO", "message": "API GET /api/v1/projects/", "type": "api", "method": "GET", "path": "/api/v1/projects/", "status": 200, "duration": 18.267393112182617, "userAgent": "node", "source": "backend"}
{"timestamp": "2025-12-05T01:27:44.872603", "level": "INFO", "message": "API DELETE /api/v1/projects/1/", "type": "api", "method": "DELETE", "path": "/api/v1/projects/1/", "status": 307, "duration": 3.5338401794433594, "userAgent": "node", "source": "backend"}
{"timestamp": "2025-12-05T01:27:46.474458", "level": "INFO", "message": "API DELETE /api/v1/projects/1", "type": "api", "method": "DELETE", "path": "/api/v1/projects/1", "status": 204, "duration": 1588.1898403167725, "userAgent": "node", "source": "backend"}
{"timestamp": "2025-12-05T01:27:51.834960", "level": "INFO", "message": "API POST /api/v1/projects/", "type": "api", "method": "POST", "path": "/api/v1/projects/", "status": 201, "duration": 76.24220848083496, "userAgent": "node", "source": "backend"}
{"timestamp": "2025-12-05T01:27:52.434863", "level": "INFO", "message": "API GET /api/v1/projects/2/", "type": "api", "method": "GET", "path": "/api/v1/projects/2/", "status": 307, "duration": 0.9343624114990234, "userAgent": "node", "source": "backend"}
{"timestamp": "2025-12-05T01:27:52.452166", "level": "INFO", "message": "API GET /api/v1/projects/2", "type": "api", "method": "GET", "path": "/api/v1/projects/2", "status": 200, "duration": 7.580041885375977, "userAgent": "node", "source": "backend"}
{"timestamp": "2025-12-05T01:27:52.505063", "level": "INFO", "message": "API GET /api/v1/projects/2/", "type": "api", "method": "GET", "path": "/api/v1/projects/2/", "status": 307, "duration": 0.3325939178466797, "userAgent": "node", "source": "backend"}
{"timestamp": "2025-12-05T01:27:52.513401", "level": "INFO", "message": "API GET /api/v1/projects/2", "type": "api", "method": "GET", "path": "/api/v1/projects/2", "status": 200, "duration": 5.564212799072266, "userAgent": "node", "source": "backend"}
{"timestamp": "2025-12-05T01:28:01.279378", "level": "INFO", "message": "API POST /api/v1/s3/upload", "type": "api", "method": "POST", "path": "/api/v1/s3/upload", "status": 200, "duration": 2287.538528442383, "userAgent": "axios/1.13.2", "source": "backend"}
{"timestamp": "2025-12-05T01:28:01.616956", "level": "INFO", "message": "API POST /api/v1/project-files/", "type": "api", "method": "POST", "path": "/api/v1/project-files/", "status": 201, "duration": 38.825273513793945, "userAgent": "node", "source": "backend"}
{"timestamp": "2025-12-05T01:28:24.256006", "level": "INFO", "message": "API POST /api/v1/highlights", "type": "api", "method": "POST", "path": "/api/v1/highlights", "status": 307, "duration": 4.802465438842773, "userAgent": "node", "source": "backend"}
{"timestamp": "2025-12-05T01:28:24.363878", "level": "INFO", "message": "API POST /api/v1/highlights/", "type": "api", "method": "POST", "path": "/api/v1/highlights/", "status": 201, "duration": 92.91243553161621, "userAgent": "node", "source": "backend"}
{"timestamp": "2025-12-05T01:28:26.355982", "level": "INFO", "message": "API GET /api/v1/projects/", "type": "api", "method": "GET", "path": "/api/v1/projects/", "status": 200, "duration": 16.429424285888672, "userAgent": "node", "source": "backend"}
{"timestamp": "2025-12-05T01:28:26.415739", "level": "INFO", "message": "API GET /api/v1/projects/", "type": "api", "method": "GET", "path": "/api/v1/projects/", "status": 200, "duration": 5.870819091796875, "userAgent": "node", "source": "backend"}
{"timestamp": "2025-12-05T01:33:13.009829", "level": "INFO", "message": "API POST /api/v1/auth/token", "type": "api", "method": "POST", "path": "/api/v1/auth/token", "status": 200, "duration": 496.1504936218262, "userAgent": "node", "source": "backend"}
{"timestamp": "2025-12-05T01:33:13.735423", "level": "INFO", "message": "API GET /api/v1/projects/", "type": "api", "method": "GET", "path": "/api/v1/projects/", "status": 200, "duration": 9.130477905273438, "userAgent": "node", "source": "backend"}
{"timestamp": "2025-12-05T01:33:13.829717", "level": "INFO", "message": "API GET /api/v1/projects/", "type": "api", "method": "GET", "path": "/api/v1/projects/", "status": 200, "duration": 5.667448043823242, "userAgent": "node", "source": "backend"}
{"timestamp": "2025-12-05T01:33:18.011510", "level": "INFO", "message": "API DELETE /api/v1/projects/2/", "type": "api", "method": "DELETE", "path": "/api/v1/projects/2/", "status": 307, "duration": 1.0747909545898438, "userAgent": "node", "source": "backend"}
{"timestamp": "2025-12-05T01:33:19.599687", "level": "INFO", "message": "API DELETE /api/v1/projects/2", "type": "api", "method": "DELETE", "path": "/api/v1/projects/2", "status": 204, "duration": 1584.7587585449219, "userAgent": "node", "source": "backend"}
{"timestamp": "2025-12-05T01:33:22.185703", "level": "INFO", "message": "API POST /api/v1/projects/", "type": "api", "method": "POST", "path": "/api/v1/projects/", "status": 201, "duration": 19.793033599853516, "userAgent": "node", "source": "backend"}
{"timestamp": "2025-12-05T01:33:22.949533", "level": "INFO", "message": "API GET /api/v1/projects/3/", "type": "api", "method": "GET", "path": "/api/v1/projects/3/", "status": 307, "duration": 7.195234298706055, "userAgent": "node", "source": "backend"}
{"timestamp": "2025-12-05T01:33:23.011749", "level": "INFO", "message": "API GET /api/v1/projects/3", "type": "api", "method": "GET", "path": "/api/v1/projects/3", "status": 200, "duration": 47.992706298828125, "userAgent": "node", "source": "backend"}
{"timestamp": "2025-12-05T01:33:23.153002", "level": "INFO", "message": "API GET /api/v1/projects/3/", "type": "api", "method": "GET", "path": "/api/v1/projects/3/", "status": 307, "duration": 1.4417171478271484, "userAgent": "node", "source": "backend"}
{"timestamp": "2025-12-05T01:33:23.161145", "level": "INFO", "message": "API GET /api/v1/projects/3", "type": "api", "method": "GET", "path": "/api/v1/projects/3", "status": 200, "duration": 6.121158599853516, "userAgent": "node", "source": "backend"}
{"timestamp": "2025-12-05T01:33:29.400305", "level": "INFO", "message": "API POST /api/v1/s3/upload", "type": "api", "method": "POST", "path": "/api/v1/s3/upload", "status": 200, "duration": 2173.872947692871, "userAgent": "axios/1.13.2", "source": "backend"}
{"timestamp": "2025-12-05T01:33:29.490358", "level": "INFO", "message": "API POST /api/v1/project-files/", "type": "api", "method": "POST", "path": "/api/v1/project-files/", "status": 201, "duration": 21.091461181640625, "userAgent": "node", "source": "backend"}
{"timestamp": "2025-12-05T01:33:35.627995", "level": "INFO", "message": "API POST /api/v1/highlights", "type": "api", "method": "POST", "path": "/api/v1/highlights", "status": 307, "duration": 3.4198760986328125, "userAgent": "node", "source": "backend"}
{"timestamp": "2025-12-05T01:33:35.713024", "level": "INFO", "message": "API POST /api/v1/highlights/", "type": "api", "method": "POST", "path": "/api/v1/highlights/", "status": 201, "duration": 69.5030689239502, "userAgent": "node", "source": "backend"}
{"timestamp": "2025-12-05T01:33:36.809919", "level": "INFO", "message": "API GET /api/v1/projects/", "type": "api", "method": "GET", "path": "/api/v1/projects/", "status": 200, "duration": 8.940458297729492, "userAgent": "node", "source": "backend"}
{"timestamp": "2025-12-05T01:33:36.845945", "level": "INFO", "message": "API GET /api/v1/projects/", "type": "api", "method": "GET", "path": "/api/v1/projects/", "status": 200, "duration": 4.309177398681641, "userAgent": "node", "source": "backend"}
{"timestamp": "2025-12-05T01:34:12.655733", "level": "INFO", "message": "API GET /api/v1/projects/", "type": "api", "method": "GET", "path": "/api/v1/projects/", "status": 200, "duration": 60.599327087402344, "userAgent": "node", "source": "backend"}
{"timestamp": "2025-12-05T01:34:34.551186", "level": "INFO", "message": "API GET /api/v1/projects/", "type": "api", "method": "GET", "path": "/api/v1/projects/", "status": 200, "duration": 56.01811408996582, "userAgent": "node", "source": "backend"}
{"timestamp": "2025-12-05T01:34:59.642238", "level": "INFO", "message": "API GET /api/v1/projects/", "type": "api", "method": "GET", "path": "/api/v1/projects/", "status": 200, "duration": 49.80134963989258, "userAgent": "node", "source": "backend"}
{"timestamp": "2025-12-05T01:35:07.010029", "level": "INFO", "message": "API GET /api/v1/projects/", "type": "api", "method": "GET", "path": "/api/v1/projects/", "status": 200, "duration": 43.80464553833008, "userAgent": "node", "source": "backend"}
{"timestamp": "2025-12-05T01:48:16.285064", "level": "INFO", "message": "API POST /api/v1/auth/token", "type": "api", "method": "POST", "path": "/api/v1/auth/token", "status": 500, "duration": 92.93293952941895, "userAgent": "node", "source": "backend"}
{"timestamp": "2025-12-05T01:49:08.902035", "level": "INFO", "message": "API POST /api/v1/auth/token", "type": "api", "method": "POST", "path": "/api/v1/auth/token", "status": 200, "duration": 501.1637210845947, "userAgent": "node", "source": "backend"}
{"timestamp": "2025-12-05T01:49:09.659718", "level": "INFO", "message": "API GET /api/v1/projects/", "type": "api", "method": "GET", "path": "/api/v1/projects/", "status": 200, "duration": 22.500276565551758, "userAgent": "node", "source": "backend"}
{"timestamp": "2025-12-05T01:49:09.685121", "level": "INFO", "message": "API GET /api/v1/projects/", "type": "api", "method": "GET", "path": "/api/v1/projects/", "status": 200, "duration": 6.936550140380859, "userAgent": "node", "source": "backend"}
{"timestamp": "2025-12-05T01:49:13.243375", "level": "INFO", "message": "API POST /api/v1/projects/", "type": "api", "method": "POST", "path": "/api/v1/projects/", "status": 201, "duration": 25.62570571899414, "userAgent": "node", "source": "backend"}
{"timestamp": "2025-12-05T01:49:13.463206", "level": "INFO", "message": "API GET /api/v1/projects/1/", "type": "api", "method": "GET", "path": "/api/v1/projects/1/", "status": 307, "duration": 0.8513927459716797, "userAgent": "node", "source": "backend"}
{"timestamp": "2025-12-05T01:49:13.472894", "level": "INFO", "message": "API GET /api/v1/projects/1", "type": "api", "method": "GET", "path": "/api/v1/projects/1", "status": 200, "duration": 5.347728729248047, "userAgent": "node", "source": "backend"}
{"timestamp": "2025-12-05T01:49:13.514807", "level": "INFO", "message": "API GET /api/v1/projects/1/", "type": "api", "method": "GET", "path": "/api/v1/projects/1/", "status": 307, "duration": 0.3147125244140625, "userAgent": "node", "source": "backend"}
{"timestamp": "2025-12-05T01:49:13.520923", "level": "INFO", "message": "API GET /api/v1/projects/1", "type": "api", "method": "GET", "path": "/api/v1/projects/1", "status": 200, "duration": 4.521846771240234, "userAgent": "node", "source": "backend"}
{"timestamp": "2025-12-05T01:49:19.966283", "level": "INFO", "message": "API POST /api/v1/s3/upload", "type": "api", "method": "POST", "path": "/api/v1/s3/upload", "status": 200, "duration": 1962.6128673553467, "userAgent": "axios/1.13.2", "source": "backend"}
{"timestamp": "2025-12-05T01:49:20.096861", "level": "INFO", "message": "API POST /api/v1/project-files/", "type": "api", "method": "POST", "path": "/api/v1/project-files/", "status": 201, "duration": 28.736114501953125, "userAgent": "node", "source": "backend"}
{"timestamp": "2025-12-05T01:49:25.301383", "level": "INFO", "message": "API POST /api/v1/highlights", "type": "api", "method": "POST", "path": "/api/v1/highlights", "status": 307, "duration": 1.3666152954101562, "userAgent": "node", "source": "backend"}
{"timestamp": "2025-12-05T01:49:25.357451", "level": "INFO", "message": "API POST /api/v1/highlights/", "type": "api", "method": "POST", "path": "/api/v1/highlights/", "status": 201, "duration": 51.08833312988281, "userAgent": "node", "source": "backend"}
{"timestamp": "2025-12-05T01:49:26.561047", "level": "INFO", "message": "API GET /api/v1/projects/", "type": "api", "method": "GET", "path": "/api/v1/projects/", "status": 200, "duration": 5.481243133544922, "userAgent": "node", "source": "backend"}
{"timestamp": "2025-12-05T01:49:26.581052", "level": "INFO", "message": "API GET /api/v1/projects/", "type": "api", "method": "GET", "path": "/api/v1/projects/", "status": 200, "duration": 5.553007125854492, "userAgent": "node", "source": "backend"}
{"timestamp": "2025-12-05T01:50:04.021921", "level": "INFO", "message": "API GET /api/v1/projects/", "type": "api", "method": "GET", "path": "/api/v1/projects/", "status": 200, "duration": 64.5906925201416, "userAgent": "node", "source": "backend"}
{"timestamp": "2025-12-05T01:52:21.298549", "level": "INFO", "message": "API GET /api/v1/projects/", "type": "api", "method": "GET", "path": "/api/v1/projects/", "status": 200, "duration": 176.66316032409668, "userAgent": "node", "source": "backend"}
{"timestamp": "2025-12-05T01:53:14.989046", "level": "INFO", "message": "API GET /api/v1/projects/", "type": "api", "method": "GET", "path": "/api/v1/projects/", "status": 200, "duration": 117.60067939758301, "userAgent": "node", "source": "backend"}
{"timestamp": "2025-12-05T01:53:54.824848", "level": "INFO", "message": "API GET /api/v1/projects/", "type": "api", "method": "GET", "path": "/api/v1/projects/", "status": 200, "duration": 428.0729293823242, "userAgent": "node", "source": "backend"}
{"timestamp": "2025-12-05T01:53:58.684420", "level": "INFO", "message": "API DELETE /api/v1/projects/1/", "type": "api", "method": "DELETE", "path": "/api/v1/projects/1/", "status": 307, "duration": 5.483388900756836, "userAgent": "node", "source": "backend"}
{"timestamp": "2025-12-05T01:54:00.449618", "level": "INFO", "message": "API DELETE /api/v1/projects/1", "type": "api", "method": "DELETE", "path": "/api/v1/projects/1", "status": 204, "duration": 1747.199296951294, "userAgent": "node", "source": "backend"}
{"timestamp": "2025-12-05T01:54:02.783348", "level": "INFO", "message": "API POST /api/v1/projects/", "type": "api", "method": "POST", "path": "/api/v1/projects/", "status": 201, "duration": 78.90963554382324, "userAgent": "node", "source": "backend"}
{"timestamp": "2025-12-05T01:54:03.428794", "level": "INFO", "message": "API GET /api/v1/projects/2/", "type": "api", "method": "GET", "path": "/api/v1/projects/2/", "status": 307, "duration": 1.4986991882324219, "userAgent": "node", "source": "backend"}
{"timestamp": "2025-12-05T01:54:03.448883", "level": "INFO", "message": "API GET /api/v1/projects/2", "type": "api", "method": "GET", "path": "/api/v1/projects/2", "status": 200, "duration": 15.585184097290039, "userAgent": "node", "source": "backend"}
{"timestamp": "2025-12-05T01:54:03.512120", "level": "INFO", "message": "API GET /api/v1/projects/2/", "type": "api", "method": "GET", "path": "/api/v1/projects/2/", "status": 307, "duration": 0.2887248992919922, "userAgent": "node", "source": "backend"}
{"timestamp": "2025-12-05T01:54:03.517069", "level": "INFO", "message": "API GET /api/v1/projects/2", "type": "api", "method": "GET", "path": "/api/v1/projects/2", "status": 200, "duration": 3.959178924560547, "userAgent": "node", "source": "backend"}
{"timestamp": "2025-12-05T01:54:15.084837", "level": "INFO", "message": "API POST /api/v1/s3/upload", "type": "api", "method": "POST", "path": "/api/v1/s3/upload", "status": 200, "duration": 3115.413188934326, "userAgent": "axios/1.13.2", "source": "backend"}
{"timestamp": "2025-12-05T01:54:15.169432", "level": "INFO", "message": "API POST /api/v1/project-files/", "type": "api", "method": "POST", "path": "/api/v1/project-files/", "status": 201, "duration": 30.34520149230957, "userAgent": "node", "source": "backend"}
{"timestamp": "2025-12-05T01:54:21.349315", "level": "INFO", "message": "API POST /api/v1/highlights", "type": "api", "method": "POST", "path": "/api/v1/highlights", "status": 307, "duration": 3.0934810638427734, "userAgent": "node", "source": "backend"}
{"timestamp": "2025-12-05T01:54:21.442920", "level": "INFO", "message": "API POST /api/v1/highlights/", "type": "api", "method": "POST", "path": "/api/v1/highlights/", "status": 201, "duration": 82.49735832214355, "userAgent": "node", "source": "backend"}
{"timestamp": "2025-12-05T01:54:25.148917", "level": "INFO", "message": "API GET /api/v1/projects/", "type": "api", "method": "GET", "path": "/api/v1/projects/", "status": 200, "duration": 14.612913131713867, "userAgent": "node", "source": "backend"}
{"timestamp": "2025-12-05T01:54:25.176493", "level": "INFO", "message": "API GET /api/v1/projects/", "type": "api", "method": "GET", "path": "/api/v1/projects/", "status": 200, "duration": 8.740425109863281, "userAgent": "node", "source": "backend"}
{"timestamp": "2025-12-05T02:06:01.918380", "level": "INFO", "message": "API GET /api/v1/projects/", "type": "api", "method": "GET", "path": "/api/v1/projects/", "status": 200, "duration": 301.5596866607666, "userAgent": "node", "source": "backend"}
{"timestamp": "2025-12-05T02:06:02.751261", "level": "INFO", "message": "API POST /api/v1/logs", "type": "api", "method": "POST", "path": "/api/v1/logs", "status": 307, "duration": 4.359245300292969, "userAgent": "node", "source": "backend"}
{"timestamp": "2025-12-05T02:06:02.844088", "level": "INFO", "message": "API POST /api/v1/logs/", "type": "api", "method": "POST", "path": "/api/v1/logs/", "status": 200, "duration": 28.12671661376953, "userAgent": "node", "source": "backend"}
{"timestamp": "2025-12-05T02:06:07.215354", "level": "INFO", "message": "API POST /api/v1/auth/token", "type": "api", "method": "POST", "path": "/api/v1/auth/token", "status": 200, "duration": 554.2972087860107, "userAgent": "node", "source": "backend"}
{"timestamp": "2025-12-05T02:06:07.579366", "level": "INFO", "message": "API GET /api/v1/projects/", "type": "api", "method": "GET", "path": "/api/v1/projects/", "status": 200, "duration": 14.425277709960938, "userAgent": "node", "source": "backend"}
{"timestamp": "2025-12-05T02:06:07.612457", "level": "INFO", "message": "API GET /api/v1/projects/", "type": "api", "method": "GET", "path": "/api/v1/projects/", "status": 200, "duration": 14.904022216796875, "userAgent": "node", "source": "backend"}
{"timestamp": "2025-12-05T02:06:11.104439", "level": "INFO", "message": "API DELETE /api/v1/projects/2/", "type": "api", "method": "DELETE", "path": "/api/v1/projects/2/", "status": 307, "duration": 0.7963180541992188, "userAgent": "node", "source": "backend"}
{"timestamp": "2025-12-05T02:06:12.967136", "level": "INFO", "message": "API DELETE /api/v1/projects/2", "type": "api", "method": "DELETE", "path": "/api/v1/projects/2", "status": 204, "duration": 1856.6975593566895, "userAgent": "node", "source": "backend"}
{"timestamp": "2025-12-05T02:06:13.771392", "level": "INFO", "message": "API POST /api/v1/projects/", "type": "api", "method": "POST", "path": "/api/v1/projects/", "status": 201, "duration": 32.68623352050781, "userAgent": "node", "source": "backend"}
{"timestamp": "2025-12-05T02:06:14.474651", "level": "INFO", "message": "API GET /api/v1/projects/3/", "type": "api", "method": "GET", "path": "/api/v1/projects/3/", "status": 307, "duration": 5.562305450439453, "userAgent": "node", "source": "backend"}
{"timestamp": "2025-12-05T02:06:14.521575", "level": "INFO", "message": "API GET /api/v1/projects/3", "type": "api", "method": "GET", "path": "/api/v1/projects/3", "status": 200, "duration": 39.75844383239746, "userAgent": "node", "source": "backend"}
{"timestamp": "2025-12-05T02:06:14.613456", "level": "INFO", "message": "API GET /api/v1/projects/3/", "type": "api", "method": "GET", "path": "/api/v1/projects/3/", "status": 307, "duration": 0.4985332489013672, "userAgent": "node", "source": "backend"}
{"timestamp": "2025-12-05T02:06:14.636175", "level": "INFO", "message": "API GET /api/v1/projects/3", "type": "api", "method": "GET", "path": "/api/v1/projects/3", "status": 200, "duration": 16.865968704223633, "userAgent": "node", "source": "backend"}
{"timestamp": "2025-12-05T02:06:20.690810", "level": "INFO", "message": "API POST /api/v1/s3/upload", "type": "api", "method": "POST", "path": "/api/v1/s3/upload", "status": 200, "duration": 2389.8160457611084, "userAgent": "axios/1.13.2", "source": "backend"}
{"timestamp": "2025-12-05T02:06:20.778656", "level": "INFO", "message": "API POST /api/v1/project-files/", "type": "api", "method": "POST", "path": "/api/v1/project-files/", "status": 201, "duration": 39.01243209838867, "userAgent": "node", "source": "backend"}
{"timestamp": "2025-12-05T02:06:24.897448", "level": "INFO", "message": "API POST /api/v1/highlights", "type": "api", "method": "POST", "path": "/api/v1/highlights", "status": 307, "duration": 2.3360252380371094, "userAgent": "node", "source": "backend"}
{"timestamp": "2025-12-05T02:06:24.972600", "level": "INFO", "message": "API POST /api/v1/highlights/", "type": "api", "method": "POST", "path": "/api/v1/highlights/", "status": 201, "duration": 63.535451889038086, "userAgent": "node", "source": "backend"}
{"timestamp": "2025-12-05T02:06:27.058580", "level": "INFO", "message": "API GET /api/v1/projects/", "type": "api", "method": "GET", "path": "/api/v1/projects/", "status": 200, "duration": 19.492626190185547, "userAgent": "node", "source": "backend"}
{"timestamp": "2025-12-05T02:06:27.080495", "level": "INFO", "message": "API GET /api/v1/projects/", "type": "api", "method": "GET", "path": "/api/v1/projects/", "status": 200, "duration": 4.282712936401367, "userAgent": "node", "source": "backend"}
